<?xml version="1.0" encoding="UTF-8"?>
<testng-results ignored="0" total="1" passed="1" failed="0" skipped="0">
  <reporter-output>
  </reporter-output>
  <suite started-at="2022-11-10T17:54:39 EST" name="Suite" finished-at="2022-11-10T17:54:54 EST" duration-ms="15397">
    <groups>
      <group name="cucumber">
        <method signature="AbstractTestNGCucumberTests.runScenario(cucumber.api.testng.PickleEventWrapper,cucumber.api.testng.CucumberFeatureWrapper)[pri:0, instance:com.cucumber.test.BasicRunner@1da2cb77]" name="runScenario" class="cucumber.api.testng.AbstractTestNGCucumberTests"/>
      </group> <!-- cucumber -->
    </groups>
    <test started-at="2022-11-10T17:54:39 EST" name="Test" finished-at="2022-11-10T17:54:54 EST" duration-ms="15397">
      <class name="com.cucumber.test.BasicRunner">
        <test-method is-config="true" signature="setup()[pri:0, instance:com.cucumber.test.BasicRunner@1da2cb77]" started-at="2022-11-10T17:54:39 EST" name="setup" finished-at="2022-11-10T17:54:39 EST" duration-ms="21" status="PASS">
          <reporter-output>
          </reporter-output>
        </test-method> <!-- setup -->
        <test-method is-config="true" signature="setUpClass()[pri:0, instance:com.cucumber.test.BasicRunner@1da2cb77]" started-at="2022-11-10T17:54:39 EST" name="setUpClass" finished-at="2022-11-10T17:54:40 EST" duration-ms="401" status="PASS">
          <reporter-output>
          </reporter-output>
        </test-method> <!-- setUpClass -->
        <test-method signature="runScenario(cucumber.api.testng.PickleEventWrapper,cucumber.api.testng.CucumberFeatureWrapper)[pri:0, instance:com.cucumber.test.BasicRunner@1da2cb77]" started-at="2022-11-10T17:54:40 EST" name="runScenario" description="Runs Cucumber Scenarios" data-provider="scenarios" finished-at="2022-11-10T17:54:54 EST" duration-ms="14663" status="PASS">
          <params>
            <param index="0">
              <value>
                <![CDATA["As a user, must do succefull login with valid credential"]]>
              </value>
            </param>
            <param index="1">
              <value>
                <![CDATA["Login function testing"]]>
              </value>
            </param>
          </params>
          <reporter-output>
          </reporter-output>
        </test-method> <!-- runScenario -->
        <test-method is-config="true" signature="tearDownClass()[pri:0, instance:com.cucumber.test.BasicRunner@1da2cb77]" started-at="2022-11-10T17:54:54 EST" name="tearDownClass" finished-at="2022-11-10T17:54:54 EST" duration-ms="116" status="PASS">
          <reporter-output>
          </reporter-output>
        </test-method> <!-- tearDownClass -->
      </class> <!-- com.cucumber.test.BasicRunner -->
    </test> <!-- Test -->
  </suite> <!-- Suite -->
</testng-results>
