<?xml version="1.0" encoding="UTF-8"?>
<testng-results ignored="0" total="1" passed="1" failed="0" skipped="0">
  <reporter-output>
  </reporter-output>
  <suite started-at="2022-11-10T18:01:07 EST" name="Default suite" finished-at="2022-11-10T18:01:21 EST" duration-ms="13926">
    <groups>
      <group name="cucumber">
        <method signature="AbstractTestNGCucumberTests.runScenario(cucumber.api.testng.PickleEventWrapper,cucumber.api.testng.CucumberFeatureWrapper)[pri:0, instance:com.cucumber.test.BasicRunner@7db12bb6]" name="runScenario" class="cucumber.api.testng.AbstractTestNGCucumberTests"/>
      </group> <!-- cucumber -->
    </groups>
    <test started-at="2022-11-10T18:01:07 EST" name="Default test" finished-at="2022-11-10T18:01:21 EST" duration-ms="13926">
      <class name="com.cucumber.test.BasicRunner">
        <test-method is-config="true" signature="setup()[pri:0, instance:com.cucumber.test.BasicRunner@7db12bb6]" started-at="2022-11-10T18:01:07 EST" name="setup" finished-at="2022-11-10T18:01:07 EST" duration-ms="21" status="PASS">
          <reporter-output>
          </reporter-output>
        </test-method> <!-- setup -->
        <test-method is-config="true" signature="setUpClass()[pri:0, instance:com.cucumber.test.BasicRunner@7db12bb6]" started-at="2022-11-10T18:01:07 EST" name="setUpClass" finished-at="2022-11-10T18:01:07 EST" duration-ms="327" status="PASS">
          <reporter-output>
          </reporter-output>
        </test-method> <!-- setUpClass -->
        <test-method signature="runScenario(cucumber.api.testng.PickleEventWrapper,cucumber.api.testng.CucumberFeatureWrapper)[pri:0, instance:com.cucumber.test.BasicRunner@7db12bb6]" started-at="2022-11-10T18:01:07 EST" name="runScenario" description="Runs Cucumber Scenarios" data-provider="scenarios" finished-at="2022-11-10T18:01:21 EST" duration-ms="13233" status="PASS">
          <params>
            <param index="0">
              <value>
                <![CDATA["As a user, must do succefull login with valid credential"]]>
              </value>
            </param>
            <param index="1">
              <value>
                <![CDATA["Login function testing"]]>
              </value>
            </param>
          </params>
          <reporter-output>
          </reporter-output>
        </test-method> <!-- runScenario -->
        <test-method is-config="true" signature="tearDownClass()[pri:0, instance:com.cucumber.test.BasicRunner@7db12bb6]" started-at="2022-11-10T18:01:21 EST" name="tearDownClass" finished-at="2022-11-10T18:01:21 EST" duration-ms="121" status="PASS">
          <reporter-output>
          </reporter-output>
        </test-method> <!-- tearDownClass -->
      </class> <!-- com.cucumber.test.BasicRunner -->
    </test> <!-- Default test -->
  </suite> <!-- Default suite -->
</testng-results>
